Using cuda
Downloaded NLS.mat to Data/NLS.mat
Path Exist, loading weight
tensor(0.0162, device='cuda:0', dtype=torch.float64, grad_fn=<AddBackward0>)
Checkpoint saved to ./schrodinger_model-0.pt
tensor(0.0117, device='cuda:0', dtype=torch.float64, grad_fn=<AddBackward0>)
Checkpoint saved to ./schrodinger_model-1000.pt
tensor(0.0108, device='cuda:0', dtype=torch.float64, grad_fn=<AddBackward0>)
Checkpoint saved to ./schrodinger_model-2000.pt
tensor(0.0100, device='cuda:0', dtype=torch.float64, grad_fn=<AddBackward0>)
Checkpoint saved to ./schrodinger_model-3000.pt
tensor(0.0093, device='cuda:0', dtype=torch.float64, grad_fn=<AddBackward0>)
Checkpoint saved to ./schrodinger_model-4000.pt
tensor(0.0087, device='cuda:0', dtype=torch.float64, grad_fn=<AddBackward0>)
Checkpoint saved to ./schrodinger_model-5000.pt
tensor(0.0080, device='cuda:0', dtype=torch.float64, grad_fn=<AddBackward0>)
Checkpoint saved to ./schrodinger_model-6000.pt
tensor(0.0074, device='cuda:0', dtype=torch.float64, grad_fn=<AddBackward0>)
Checkpoint saved to ./schrodinger_model-7000.pt
tensor(0.0069, device='cuda:0', dtype=torch.float64, grad_fn=<AddBackward0>)
Checkpoint saved to ./schrodinger_model-8000.pt
tensor(0.0065, device='cuda:0', dtype=torch.float64, grad_fn=<AddBackward0>)
Checkpoint saved to ./schrodinger_model-9000.pt
