2025-09-07 20:48:34,304 - INFO - Using cuda
2025-09-07 20:48:34,833 - INFO - Downloaded NLS.mat to Data/NLS.mat
2025-09-07 20:48:37,426 - INFO - Path Exist, loading weight
2025-09-07 20:48:37,892 - INFO - tensor(0.0030, device='cuda:0', dtype=torch.float64, grad_fn=<AddBackward0>)
2025-09-07 20:48:37,971 - INFO - Checkpoint saved to ./schrodinger_model-9000.pt
2025-09-07 20:52:27,640 - INFO - tensor(0.0024, device='cuda:0', dtype=torch.float64, grad_fn=<AddBackward0>)
2025-09-07 20:52:27,659 - INFO - Checkpoint saved to ./schrodinger_model-10000.pt
2025-09-07 20:56:22,581 - INFO - tensor(0.0019, device='cuda:0', dtype=torch.float64, grad_fn=<AddBackward0>)
2025-09-07 20:56:22,602 - INFO - Checkpoint saved to ./schrodinger_model-11000.pt
2025-09-07 21:00:13,560 - INFO - tensor(0.0021, device='cuda:0', dtype=torch.float64, grad_fn=<AddBackward0>)
2025-09-07 21:00:13,584 - INFO - Checkpoint saved to ./schrodinger_model-12000.pt
2025-09-07 21:04:07,384 - INFO - tensor(0.0013, device='cuda:0', dtype=torch.float64, grad_fn=<AddBackward0>)
2025-09-07 21:04:07,655 - INFO - Checkpoint saved to ./schrodinger_model-13000.pt
2025-09-07 21:08:01,982 - INFO - tensor(0.0011, device='cuda:0', dtype=torch.float64, grad_fn=<AddBackward0>)
2025-09-07 21:08:02,004 - INFO - Checkpoint saved to ./schrodinger_model-14000.pt
2025-09-07 21:11:54,027 - INFO - tensor(0.0143, device='cuda:0', dtype=torch.float64, grad_fn=<AddBackward0>)
2025-09-07 21:11:54,053 - INFO - Checkpoint saved to ./schrodinger_model-15000.pt
2025-09-07 21:15:46,519 - INFO - tensor(0.0008, device='cuda:0', dtype=torch.float64, grad_fn=<AddBackward0>)
2025-09-07 21:15:46,546 - INFO - Checkpoint saved to ./schrodinger_model-16000.pt
2025-09-07 21:19:42,141 - INFO - tensor(0.0008, device='cuda:0', dtype=torch.float64, grad_fn=<AddBackward0>)
2025-09-07 21:19:42,166 - INFO - Checkpoint saved to ./schrodinger_model-17000.pt
2025-09-07 21:23:38,304 - INFO - tensor(0.0009, device='cuda:0', dtype=torch.float64, grad_fn=<AddBackward0>)
2025-09-07 21:23:38,328 - INFO - Checkpoint saved to ./schrodinger_model-18000.pt
